++--- Summary for Test: ScheduleRequestsDelete-Regression_2023-10-04_18 ---++ 
Start Date-Time: StartDateTime 
----------------------------------------------------------------------- 
 
Handling files: 10
 
--- Requests --- 
DiscoCreateScheduleRequests: 0
DiscoGetSchedulesRequests: 2
DiscoDeleteScheduleRequests: 8
DiscoDataRequests: 0
 
--- Responses --- 
DiscoScheduleResponses: 7
DiscoGetSchedulesResponses: 2
DiscoDataResponses: 0
 
-- BAD_REQUESTs / Warnings / Errors --- 
TestRun.log BAD_REQUEST: 0
TestRun.log Warnings, Errors: 0
disco-service.log Warnings, Errors: 1
siemens-adapter.log Warnings, Errors: 0
 
----------------------------------------------------------------------- 
End Date-Time: Wed 10/04/2023 18:39:13.07 
