++--- Summary for Test: OnDemand-Regression_2023-10-23_18 ---++ 
Start Date-Time: Mon 10/23/2023 18:01:09.23 
----------------------------------------------------------------------- 
 
Handling files: 19
 
--- Requests --- 
DiscoCreateScheduleRequests: 0
DiscoGetSchedulesRequests: 0
DiscoDeleteScheduleRequests: 0
DiscoDataRequests: 19
 
--- Responses --- 
DiscoScheduleResponses: 0
DiscoGetSchedulesResponses: 0
DiscoDataResponses: 16
 
-- BAD_REQUEST / HARD_LIMIT / Warnings / Errors --- 
TestRun.log BAD_REQUEST|HARD_LIMIT: 2
TestRun.log Warnings, Errors: 0
disco-service.log Warnings, Errors: 7
siemens-adapter.log Warnings, Errors: 1
 
----------------------------------------------------------------------- 
End Date-Time: Mon 10/23/2023 18:03:59.93 
