++--- Summary for Test:	Schedule-sa-22054_Navigation-Calculated_2023-11-22_17	---++ 
Start Date-Time:	Wed 11/22/2023 17:27:07.46 
----------------------------------------------------------------------- 
Handling files:	12
negative TCs:	4
--- Requests --- 
DiscoCreateScheduleRequests:	12
DiscoGetSchedulesRequests:	0
DiscoDeleteScheduleRequests:	0
DiscoDataRequests:	0
--- Responses --- 
DiscoScheduleResponses with scheduleIds:	8
DiscoGetSchedulesResponses with scheduleIds:	0
DiscoDataResponses with values:	17
-- BAD_REQUEST / HARD_LIMIT / Warnings / Errors --- 
TestRun.log BAD_REQUEST|HARD_LIMIT:	3
TestRun.log Warnings, Errors:	0
disco-service.log Warnings, Errors:	2
siemens-adapter.log Warnings, Errors:	0
 
----------------------------------------------------------------------- 
End Date-Time:	Wed 11/22/2023 17:29:15.36    
