++--- Summary for Test: DeleteSchedule-Regression_2023-10-30_17 ---++ 
Start Date-Time: Mon 10/30/2023 17:24:12.02 
----------------------------------------------------------------------- 
 
Handling files: 10
negative TCs: 2
 
--- Requests --- 
DiscoCreateScheduleRequests: 0
DiscoGetSchedulesRequests: 2
DiscoDeleteScheduleRequests: 8
DiscoDataRequests: 0
 
--- Responses --- 
DiscoScheduleResponses with scheduleIds: 7
DiscoGetSchedulesResponses with scheduleIds: 2
DiscoDataResponses with values: 11
 
-- BAD_REQUEST / HARD_LIMIT / Warnings / Errors --- 
TestRun.log BAD_REQUEST|HARD_LIMIT: 0
TestRun.log Warnings, Errors: 0
disco-service.log Warnings, Errors: 3
siemens-adapter.log Warnings, Errors: 0
 
----------------------------------------------------------------------- 
End Date-Time: Mon 10/30/2023 17:36:19.08 
