++--- Summary for Test:	OnDemand-Regression_2024-01-04_15	---++ 
Start Date-Time:	Thu 01/04/2024 15:48:55.08 
----------------------------------------------------------------------- 
Handling files:	23
negative TCs:	6
--- Requests --- 
DiscoCreateScheduleRequests:	0
DiscoGetSchedulesRequests:	0
DiscoDeleteScheduleRequests:	0
DiscoDataRequests:	23
--- Responses --- 
DiscoScheduleResponses with scheduleIds:	0
DiscoGetSchedulesResponses with scheduleIds:	0
DiscoDataResponses with values:	17
-- BAD_REQUEST / HARD_LIMIT / Warnings / Errors --- 
TestRun.log BAD_REQUEST|HARD_LIMIT:	3
TestRun.log Warnings, Errors:	0
disco-service.log Warnings, Errors:	18
siemens-adapter.log Warnings, Errors:	2
----------------------------------------------------------------------- 
End Date-Time:	Thu 01/04/2024 15:51:05.47    
