1c1
< OnDemandRequests-Regression_09-18-23 
---
> OnDemandRequests-Regression_09-19-23 
38d37
< YYYY-MM-DD hh:mm:ss.sss +00:00 [INF] DiscoDataResponse Received message: { "requestId": "Test us-22056-2", "destination": "Local", "executed": "YYYY-MM-DDThh:mm:ss.sssssssss", "dataResponse": { "dataPointCollections": [ { "draftDataType": "Trim", "dataPoints": [ { "timestamp": "2023-07-26T13:59:51.988Z", "value": 0.0060137227721348595, "unit": "MetricTonsPerHour" } ] } ] }, "onDemandSingle": { "target": "2023-07-26T14:00:00Z" }, "draftDataTypes": { "dataType": [ "Trim" ] } }
39a39
> YYYY-MM-DD hh:mm:ss.sss +00:00 [INF] DiscoDataResponse Received message: { "requestId": "Test us-22056-2", "destination": "Local", "executed": "YYYY-MM-DDThh:mm:ss.sssssssss", "dataResponse": { "dataPointCollections": [ { "draftDataType": "Trim", "dataPoints": [ { "timestamp": "2023-07-26T13:59:51.988Z", "value": 0.0060137227721348595, "unit": "MetricTonsPerHour" } ] } ] }, "onDemandSingle": { "target": "2023-07-26T14:00:00Z" }, "draftDataTypes": { "dataType": [ "Trim" ] } }
89c89
< YYYY-MM-DD hh:mm:ss.sss +00:00 [INF] Handling file TestClientRequests\OnDemandRequests\Remote_OnDemandWeatherRangeRequestWeatherTrueWindDirectionConfig.json
---
> YYYY-MM-DD hh:mm:ss.sss +00:00 [INF] Handling file TestClientRequests\OnDemandRequests\Test_OnDemandLocationSingleRequestConfig.json
91,92c91,92
< YYYY-MM-DD hh:mm:ss.sss +00:00 [INF] Created DiscoDataRequest object with payload: { "requestId": "Test us-21162-1r", "destination": "Remote", "onDemandRange": { "start": "2023-07-26T14:00:00Z", "end": "2023-07-27T14:00:00Z", "intervalMilliseconds": "3600000" }, "weatherDataTypes": { "dataType": [ "TrueWindDirection" ] } }
< YYYY-MM-DD hh:mm:ss.sss +00:00 [INF] Sending binary: 0A-10-54-65-73-74-20-75-73-2D-32-31-31-36-32-2D-31-72-10-02-D2-3E-15-0A-06-08-E0-CD-84-A6-06-12-06-08-E0-F0-89-A6-06-18-80-DD-DB-01-A2-7D-03-0A-01-05
---
> YYYY-MM-DD hh:mm:ss.sss +00:00 [INF] Created DiscoDataRequest object with payload: { "requestId": "454a68bd-b9b7-4ec5-9250-d65c87688ed7", "destination": "Unknown", "onDemandSingle": { "target": "YYYY-MM-DDThh:mm:ss.sssssssss" }, "locationDataTypes": { "dataType": [ "Unknown", "Latitude", "Longitude" ] } }
> YYYY-MM-DD hh:mm:ss.sss +00:00 [INF] Sending binary: 0A-24-34-35-34-61-36-38-62-64-2D-62-39-62-37-2D-34-65-63-35-2D-39-32-35-30-2D-64-36-35-63-38-37-36-38-38-65-64-37-10-00-CA-3E-0E-0A-0C-08-8F-B3-A2-A8-06-10-B0-A9-A1-A6-01-92-7D-05-0A-03-00-01-02
93a94,100
> YYYY-MM-DD hh:mm:ss.sss +00:00 [INF] File TestClientRequests\OnDemandRequests\Test_OnDemandLocationSingleRequestConfig.json handling has been finished.
> YYYY-MM-DD hh:mm:ss.sss +00:00 [INF] Handling file TestClientRequests\OnDemandRequests\Unknown_OnDemandWeatherRangeRequestWeatherTrueWindDirectionConfig.json
> YYYY-MM-DD hh:mm:ss.sss +00:00 [INF] Defined as on demand request
> YYYY-MM-DD hh:mm:ss.sss +00:00 [INF] Created DiscoDataRequest object with payload: { "requestId": "Test us-21162-1u", "destination": "Unknown", "onDemandRange": { "start": "2023-07-26T14:00:00Z", "end": "2023-07-27T14:00:00Z", "intervalMilliseconds": "3600000" }, "weatherDataTypes": { "dataType": [ "TrueWindDirection" ] } }
> YYYY-MM-DD hh:mm:ss.sss +00:00 [INF] Sending binary: 0A-10-54-65-73-74-20-75-73-2D-32-31-31-36-32-2D-31-75-10-00-D2-3E-15-0A-06-08-E0-CD-84-A6-06-12-06-08-E0-F0-89-A6-06-18-80-DD-DB-01-A2-7D-03-0A-01-05
> YYYY-MM-DD hh:mm:ss.sss +00:00 [INF] Binary is sent 1-th time
> YYYY-MM-DD hh:mm:ss.sss +00:00 [INF] DiscoDataResponse Received message: { "requestId": "454a68bd-b9b7-4ec5-9250-d65c87688ed7", "destination": "Unknown", "executed": "YYYY-MM-DDThh:mm:ss.sssssssss", "dataResponse": { }, "onDemandSingle": { "target": "YYYY-MM-DDThh:mm:ss.sssssssss" }, "locationDataTypes": { "dataType": [ "Unknown", "Latitude", "Longitude" ] } }
96c103
< YYYY-MM-DD hh:mm:ss.sss +00:00 [INF] DiscoDataResponse Received message: { "requestId": "Test us-21162-1r", "destination": "Remote", "executed": "YYYY-MM-DDThh:mm:ss.sssssssss", "dataResponse": { "dataPointCollections": [ { "weatherDataType": "TrueWindDirection", "dataPoints": [ { "timestamp": "2023-07-26T14:00:00Z", "value": 0.5859197812333481, "unit": "NewtonMeter" }, { "timestamp": "2023-07-26T15:00:00Z", "value": 0.5858581392484765, "unit": "NewtonMeter" }, { "timestamp": "2023-07-26T16:00:00Z", "value": 0.5897727746887877, "unit": "NewtonMeter" }, { "timestamp": "2023-07-26T17:00:00Z", "value": 0.5848662957377361, "unit": "NewtonMeter" }, { "timestamp": "2023-07-26T18:00:00Z", "value": 0.5846587951968466, "unit": "NewtonMeter" }, { "timestamp": "2023-07-26T19:00:00Z", "value": 0.5855759125234541, "unit": "NewtonMeter" }, { "timestamp": "2023-07-26T20:00:00Z", "value": 0.5855220416607883, "unit": "NewtonMeter" }, { "timestamp": "2023-07-26T21:00:00Z", "value": 0.5899769317358321, "unit": "NewtonMeter" }, { "timestamp": "2023-07-26T22:00:00Z", "value": 0.5843985796104957, "unit": "NewtonMeter" }, { "timestamp": "2023-07-26T23:00:00Z", "value": 0.5842820102131616, "unit": "NewtonMeter" }, { "timestamp": "2023-07-27T00:00:00Z", "value": 0.5852310728926229, "unit": "NewtonMeter" }, { "timestamp": "2023-07-27T01:00:00Z", "value": 0.5851695150799806, "unit": "NewtonMeter" }, { "timestamp": "2023-07-27T02:00:00Z", "value": 0.5901798717537982, "unit": "NewtonMeter" }, { "timestamp": "2023-07-27T03:00:00Z", "value": 0.6697696919947969, "unit": "NewtonMeter" }, { "timestamp": "2023-07-27T04:00:00Z", "value": 0.5839041821817988, "unit": "NewtonMeter" }, { "timestamp": "2023-07-27T05:00:00Z", "value": 0.5848852633853389, "unit": "NewtonMeter" }, { "timestamp": "2023-07-27T06:00:00Z", "value": 0.5848312152387739, "unit": "NewtonMeter" }, { "timestamp": "2023-07-27T07:00:00Z", "value": 0.5870616401659904, "unit": "NewtonMeter" }, { "timestamp": "2023-07-27T08:00:00Z", "value": 0.4568734155383971, "unit": "NewtonMeter" }, { "timestamp": "2023-07-27T09:00:00Z", "value": 0.583525312426081, "unit": "NewtonMeter" }, { "timestamp": "2023-07-27T10:00:00Z", "value": 0.5845226993970544, "unit": "NewtonMeter" }, { "timestamp": "2023-07-27T11:00:00Z", "value": 0.5844918405766552, "unit": "NewtonMeter" }, { "timestamp": "2023-07-27T12:00:00Z", "value": 0.5874630211527528, "unit": "NewtonMeter" }, { "timestamp": "2023-07-27T13:00:00Z", "value": 0.4328076288534968, "unit": "NewtonMeter" }, { "timestamp": "2023-07-27T14:00:00Z", "value": 0.5831281089375719, "unit": "NewtonMeter" } ] } ] }, "onDemandRange": { "start": "2023-07-26T14:00:00Z", "end": "2023-07-27T14:00:00Z", "intervalMilliseconds": "3600000" }, "weatherDataTypes": { "dataType": [ "TrueWindDirection" ] } }
---
> YYYY-MM-DD hh:mm:ss.sss +00:00 [INF] DiscoDataResponse Received message: { "requestId": "Test us-21162-1u", "destination": "Unknown", "executed": "YYYY-MM-DDThh:mm:ss.sssssssss", "dataResponse": { "dataPointCollections": [ { "weatherDataType": "TrueWindDirection", "dataPoints": [ { "timestamp": "2023-07-26T14:00:00Z", "value": 0.5859197812333481, "unit": "NewtonMeter" }, { "timestamp": "2023-07-26T15:00:00Z", "value": 0.5858581392484765, "unit": "NewtonMeter" }, { "timestamp": "2023-07-26T16:00:00Z", "value": 0.5897727746887877, "unit": "NewtonMeter" }, { "timestamp": "2023-07-26T17:00:00Z", "value": 0.5848662957377361, "unit": "NewtonMeter" }, { "timestamp": "2023-07-26T18:00:00Z", "value": 0.5846587951968466, "unit": "NewtonMeter" }, { "timestamp": "2023-07-26T19:00:00Z", "value": 0.5855759125234541, "unit": "NewtonMeter" }, { "timestamp": "2023-07-26T20:00:00Z", "value": 0.5855220416607883, "unit": "NewtonMeter" }, { "timestamp": "2023-07-26T21:00:00Z", "value": 0.5899769317358321, "unit": "NewtonMeter" }, { "timestamp": "2023-07-26T22:00:00Z", "value": 0.5843985796104957, "unit": "NewtonMeter" }, { "timestamp": "2023-07-26T23:00:00Z", "value": 0.5842820102131616, "unit": "NewtonMeter" }, { "timestamp": "2023-07-27T00:00:00Z", "value": 0.5852310728926229, "unit": "NewtonMeter" }, { "timestamp": "2023-07-27T01:00:00Z", "value": 0.5851695150799806, "unit": "NewtonMeter" }, { "timestamp": "2023-07-27T02:00:00Z", "value": 0.5901798717537982, "unit": "NewtonMeter" }, { "timestamp": "2023-07-27T03:00:00Z", "value": 0.6697696919947969, "unit": "NewtonMeter" }, { "timestamp": "2023-07-27T04:00:00Z", "value": 0.5839041821817988, "unit": "NewtonMeter" }, { "timestamp": "2023-07-27T05:00:00Z", "value": 0.5848852633853389, "unit": "NewtonMeter" }, { "timestamp": "2023-07-27T06:00:00Z", "value": 0.5848312152387739, "unit": "NewtonMeter" }, { "timestamp": "2023-07-27T07:00:00Z", "value": 0.5870616401659904, "unit": "NewtonMeter" }, { "timestamp": "2023-07-27T08:00:00Z", "value": 0.4568734155383971, "unit": "NewtonMeter" }, { "timestamp": "2023-07-27T09:00:00Z", "value": 0.583525312426081, "unit": "NewtonMeter" }, { "timestamp": "2023-07-27T10:00:00Z", "value": 0.5845226993970544, "unit": "NewtonMeter" }, { "timestamp": "2023-07-27T11:00:00Z", "value": 0.5844918405766552, "unit": "NewtonMeter" }, { "timestamp": "2023-07-27T12:00:00Z", "value": 0.5874630211527528, "unit": "NewtonMeter" }, { "timestamp": "2023-07-27T13:00:00Z", "value": 0.4328076288534968, "unit": "NewtonMeter" }, { "timestamp": "2023-07-27T14:00:00Z", "value": 0.5831281089375719, "unit": "NewtonMeter" } ] } ] }, "onDemandRange": { "start": "2023-07-26T14:00:00Z", "end": "2023-07-27T14:00:00Z", "intervalMilliseconds": "3600000" }, "weatherDataTypes": { "dataType": [ "TrueWindDirection" ] } }
99c106
< YYYY-MM-DD hh:mm:ss.sss +00:00 [INF] File TestClientRequests\OnDemandRequests\Remote_OnDemandWeatherRangeRequestWeatherTrueWindDirectionConfig.json handling has been finished.
---
> YYYY-MM-DD hh:mm:ss.sss +00:00 [INF] File TestClientRequests\OnDemandRequests\Unknown_OnDemandWeatherRangeRequestWeatherTrueWindDirectionConfig.json handling has been finished.
