++--- Summary for Test: OnDemand-Regression_2023-10-10_18 ---++ 
Start Date-Time: Tue 10/10/2023 18:26:43.63 
----------------------------------------------------------------------- 
 
Handling files: 10
 
--- Requests --- 
DiscoCreateScheduleRequests: 0
DiscoGetSchedulesRequests: 0
DiscoDeleteScheduleRequests: 0
DiscoDataRequests: 10
 
--- Responses --- 
DiscoScheduleResponses: 0
DiscoGetSchedulesResponses: 0
DiscoDataResponses: 10
 
-- BAD_REQUESTs / Warnings / Errors --- 
TestRun.log BAD_REQUEST: 0
TestRun.log Warnings, Errors: 0
disco-service.log Warnings, Errors: 0
siemens-adapter.log Warnings, Errors: 4
 
----------------------------------------------------------------------- 
End Date-Time: Tue 10/10/2023 18:27:45.78 
