++--- Summary for Test: ScheduleRequestsGet-Regression_2023-10-04_21 ---++ 
Start Date-Time: Wed 10/04/2023 21:06:12.98 
----------------------------------------------------------------------- 
 
Handling files: 3
 
--- Requests --- 
DiscoCreateScheduleRequests: 0
DiscoGetSchedulesRequests: 2
DiscoDeleteScheduleRequests: 0
DiscoDataRequests: 1
 
--- Responses --- 
DiscoScheduleResponses: 0
DiscoGetSchedulesResponses: 1
DiscoDataResponses: 0
 
-- BAD_REQUESTs / Warnings / Errors --- 
TestRun.log BAD_REQUEST: 0
TestRun.log Warnings, Errors: 0
disco-service.log Warnings, Errors: 1
siemens-adapter.log Warnings, Errors: 1
 
----------------------------------------------------------------------- 
End Date-Time: Wed 10/04/2023 21:07:12.78 
