++--- Summary for Test: OnDemand-Regression_2023-10-30_13 ---++ 
Start Date-Time: Mon 10/30/2023 13:30:55.70 
----------------------------------------------------------------------- 
 
Handling files: 19
negative TCs: 5
 
--- Requests --- 
DiscoCreateScheduleRequests: 0
DiscoGetSchedulesRequests: 0
DiscoDeleteScheduleRequests: 0
DiscoDataRequests: 19
 
--- Responses --- 
DiscoScheduleResponses: 0
DiscoGetSchedulesResponses: 0
DiscoDataResponses with values: 14
 
-- BAD_REQUEST / HARD_LIMIT / Warnings / Errors --- 
TestRun.log BAD_REQUEST|HARD_LIMIT: 2
TestRun.log Warnings, Errors: 0
disco-service.log Warnings, Errors: 16
siemens-adapter.log Warnings, Errors: 1
 
----------------------------------------------------------------------- 
End Date-Time: Mon 10/30/2023 13:34:11.74 
