++--- Summary for Test:	DeleteSchedule-sa-22054_Navigation-Calculated_2023-11-22_17	---++ 
Start Date-Time:	Wed 11/22/2023 17:33:54.74 
----------------------------------------------------------------------- 
Handling files:	14
negative TCs:	4
--- Requests --- 
DiscoCreateScheduleRequests:	0
DiscoGetSchedulesRequests:	2
DiscoDeleteScheduleRequests:	12
DiscoDataRequests:	0
--- Responses --- 
DiscoScheduleResponses with scheduleIds:	11
DiscoGetSchedulesResponses with scheduleIds:	2
DiscoDataResponses with values:	46
-- BAD_REQUEST / HARD_LIMIT / Warnings / Errors --- 
TestRun.log BAD_REQUEST|HARD_LIMIT:	0
TestRun.log Warnings, Errors:	0
disco-service.log Warnings, Errors:	11
siemens-adapter.log Warnings, Errors:	2
 
----------------------------------------------------------------------- 
End Date-Time:	Wed 11/22/2023 17:36:01.67    
