++--- Summary for Test: OnDemand-NavigationCalculatedFields_2023-11-14_17 ---++ 
Start Date-Time: Tue 11/14/2023 17:20:44.60 
----------------------------------------------------------------------- 
 
Handling files: 20
negative TCs: 5
 
--- Requests --- 
DiscoCreateScheduleRequests: 0
DiscoGetSchedulesRequests: 0
DiscoDeleteScheduleRequests: 0
DiscoDataRequests: 20
 
--- Responses --- 
DiscoScheduleResponses with scheduleIds: 0
DiscoGetSchedulesResponses with scheduleIds: 0
DiscoDataResponses with values: 14
 
-- BAD_REQUEST / HARD_LIMIT / Warnings / Errors --- 
TestRun.log BAD_REQUEST|HARD_LIMIT: 3
TestRun.log Warnings, Errors: 0
disco-service.log Warnings, Errors: 15
siemens-adapter.log Warnings, Errors: 0
 
----------------------------------------------------------------------- 
End Date-Time: Tue 11/14/2023 17:22:54.84    
