++--- Summary for Test: OnDemand-Regression_2023-10-31_19 ---++ 
Start Date-Time: Tue 10/31/2023 19:50:08.18 
----------------------------------------------------------------------- 
 
Handling files: 19
negative TCs: 5
 
--- Requests --- 
DiscoCreateScheduleRequests: 0
DiscoGetSchedulesRequests: 0
DiscoDeleteScheduleRequests: 0
DiscoDataRequests: 19
 
--- Responses --- 
DiscoScheduleResponses with scheduleIds: 0
DiscoGetSchedulesResponses with scheduleIds: 0
DiscoDataResponses with values: 14
 
-- BAD_REQUEST / HARD_LIMIT / Warnings / Errors --- 
TestRun.log BAD_REQUEST|HARD_LIMIT: 2
TestRun.log Warnings, Errors: 0
disco-service.log Warnings, Errors: 16
siemens-adapter.log Warnings, Errors: 0
 
----------------------------------------------------------------------- 
End Date-Time: Tue 10/31/2023 19:52:18.51 
