++--- Summary for Test: ScheduleRequestsDelete-Regression-TLS_2023-10-05_20 ---++ 
Start Date-Time: Thu 10/05/2023 20:43:15.32 
----------------------------------------------------------------------- 
 
Handling files: 10
 
--- Requests --- 
DiscoCreateScheduleRequests: 0
DiscoGetSchedulesRequests: 2
DiscoDeleteScheduleRequests: 8
DiscoDataRequests: 0
 
--- Responses --- 
DiscoScheduleResponses: 7
DiscoGetSchedulesResponses: 2
DiscoDataResponses: 1
 
-- BAD_REQUESTs / Warnings / Errors --- 
TestRun.log BAD_REQUEST: 0
TestRun.log Warnings, Errors: 0
disco-service.log Warnings, Errors: 1
siemens-adapter.log Warnings, Errors: 0
 
----------------------------------------------------------------------- 
End Date-Time: Thu 10/05/2023 20:47:01.38 
