++--- Summary for Test:	DeleteSchedule-Regression_2024-01-04_15	---++ 
Start Date-Time:	Thu 01/04/2024 15:07:36.89 
----------------------------------------------------------------------- 
Handling files:	14
negative TCs:	4
--- Requests --- 
DiscoCreateScheduleRequests:	0
DiscoGetSchedulesRequests:	2
DiscoDeleteScheduleRequests:	12
DiscoDataRequests:	0
--- Responses --- 
DiscoScheduleResponses with scheduleIds:	11
DiscoGetSchedulesResponses with scheduleIds:	0
DiscoDataResponses with values:	0
-- BAD_REQUEST / HARD_LIMIT / Warnings / Errors --- 
TestRun.log BAD_REQUEST|HARD_LIMIT:	0
TestRun.log Warnings, Errors:	0
disco-service.log Warnings, Errors:	1
siemens-adapter.log Warnings, Errors:	0
----------------------------------------------------------------------- 
End Date-Time:	Thu 01/04/2024 15:09:43.75    
