++--- Summary for Test: GetSchedule-Regression_2023-10-13_14 ---++ 
Start Date-Time: Fri 10/13/2023 14:21:40.52 
----------------------------------------------------------------------- 
 
Handling files: 6
 
--- Requests --- 
DiscoCreateScheduleRequests: 0
DiscoGetSchedulesRequests: 4
DiscoDeleteScheduleRequests: 0
DiscoDataRequests: 2
 
--- Responses --- 
DiscoScheduleResponses: 0
DiscoGetSchedulesResponses: 2
DiscoDataResponses: 11279
 
-- BAD_REQUESTs / Warnings / Errors --- 
TestRun.log BAD_REQUEST: 0
TestRun.log Warnings, Errors: 0
disco-service.log Warnings, Errors: 2
siemens-adapter.log Warnings, Errors: 0
 
----------------------------------------------------------------------- 
End Date-Time: Fri 10/13/2023 14:24:55.24 
