++--- Summary for Test: OnDemand-Regression_2023-10-12_22 ---++ 
Start Date-Time: Thu 10/12/2023 22:55:12.01 
----------------------------------------------------------------------- 
 
Handling files: 48
 
--- Requests --- 
DiscoCreateScheduleRequests: 0
DiscoGetSchedulesRequests: 0
DiscoDeleteScheduleRequests: 0
DiscoDataRequests: 48
 
--- Responses --- 
DiscoScheduleResponses: 0
DiscoGetSchedulesResponses: 0
DiscoDataResponses: 1512
 
-- BAD_REQUESTs / Warnings / Errors --- 
TestRun.log BAD_REQUEST: 0
TestRun.log Warnings, Errors: 37
disco-service.log Warnings, Errors: 33
siemens-adapter.log Warnings, Errors: 60
 
----------------------------------------------------------------------- 
End Date-Time: Thu 10/12/2023 23:00:07.48 
