++--- Summary for Test: OnDemand-sa-22054_Navigation-Calculated_2023-11-15_22 ---++ 
Start Date-Time: Wed 11/15/2023 22:09:09.12 
----------------------------------------------------------------------- 
 
Handling files: 23
negative TCs: 5
 
--- Requests --- 
DiscoCreateScheduleRequests: 0
DiscoGetSchedulesRequests: 0
DiscoDeleteScheduleRequests: 0
DiscoDataRequests: 23
 
--- Responses --- 
DiscoScheduleResponses with scheduleIds: 0
DiscoGetSchedulesResponses with scheduleIds: 0
DiscoDataResponses with values: 16
 
-- BAD_REQUEST / HARD_LIMIT / Warnings / Errors --- 
TestRun.log BAD_REQUEST|HARD_LIMIT: 4
TestRun.log Warnings, Errors: 0
disco-service.log Warnings, Errors: 26
siemens-adapter.log Warnings, Errors: 4
 
----------------------------------------------------------------------- 
End Date-Time: Wed 11/15/2023 22:11:19.09    
