++--- Summary for Test: Schedule-Regression_2023-10-31_17 ---++ 
Start Date-Time: Tue 10/31/2023 17:00:37.20 
----------------------------------------------------------------------- 
 
Handling files: 9
negative TCs: 3
 
--- Requests --- 
DiscoCreateScheduleRequests: 9
DiscoGetSchedulesRequests: 0
DiscoDeleteScheduleRequests: 0
DiscoDataRequests: 0
 
--- Responses --- 
DiscoScheduleResponses with scheduleIds: 6
DiscoGetSchedulesResponses with scheduleIds: 0
DiscoDataResponses with values: 23
 
-- BAD_REQUEST / HARD_LIMIT / Warnings / Errors --- 
TestRun.log BAD_REQUEST|HARD_LIMIT: 2
TestRun.log Warnings, Errors: 0
disco-service.log Warnings, Errors: 2
siemens-adapter.log Warnings, Errors: 0
 
----------------------------------------------------------------------- 
End Date-Time: Tue 10/31/2023 17:03:44.90 
