++--- Summary for Test: OnDemand-Regression_2023-10-24_13 ---++ 
Start Date-Time: Tue 10/24/2023 13:17:45.97 
----------------------------------------------------------------------- 
 
Handling files: 20
 
--- Requests --- 
DiscoCreateScheduleRequests: 0
DiscoGetSchedulesRequests: 0
DiscoDeleteScheduleRequests: 0
DiscoDataRequests: 20
 
--- Responses --- 
DiscoScheduleResponses: 0
DiscoGetSchedulesResponses: 0
DiscoDataResponses: 16
 
-- BAD_REQUEST / HARD_LIMIT / Warnings / Errors --- 
TestRun.log BAD_REQUEST|HARD_LIMIT: 2
TestRun.log Warnings, Errors: 0
disco-service.log Warnings, Errors: 8
siemens-adapter.log Warnings, Errors: 0
 
----------------------------------------------------------------------- 
End Date-Time: Tue 10/24/2023 13:20:03.04 
