++--- Summary for Test:	OnDemand-0secsCloseAppTime_2023-11-30_18	---++ 
Start Date-Time:	Thu 11/30/2023 18:55:16.98 
----------------------------------------------------------------------- 
Handling files:	23
negative TCs:	7
--- Requests --- 
DiscoCreateScheduleRequests:	0
DiscoGetSchedulesRequests:	0
DiscoDeleteScheduleRequests:	0
DiscoDataRequests:	23
--- Responses --- 
DiscoScheduleResponses with scheduleIds:	0
DiscoGetSchedulesResponses with scheduleIds:	0
DiscoDataResponses with values:	22
-- BAD_REQUEST / HARD_LIMIT / Warnings / Errors --- 
TestRun.log BAD_REQUEST|HARD_LIMIT:	5
TestRun.log Warnings, Errors:	1
disco-service.log Warnings, Errors:	213
siemens-adapter.log Warnings, Errors:	40
 
----------------------------------------------------------------------- 
End Date-Time:	Thu 11/30/2023 18:55:29.95    
