++--- Summary for Test: ScheduleRequestsDelete-Regression-NoTLS_2023-10-05_18 ---++ 
Start Date-Time: Thu 10/05/2023 18:48:59.52 
----------------------------------------------------------------------- 
 
Handling files: 10
 
--- Requests --- 
DiscoCreateScheduleRequests: 0
DiscoGetSchedulesRequests: 2
DiscoDeleteScheduleRequests: 8
DiscoDataRequests: 0
 
--- Responses --- 
DiscoScheduleResponses: 7
DiscoGetSchedulesResponses: 2
DiscoDataResponses: 7
 
-- BAD_REQUESTs / Warnings / Errors --- 
TestRun.log BAD_REQUEST: 0
TestRun.log Warnings, Errors: 0
disco-service.log Warnings, Errors: 1
siemens-adapter.log Warnings, Errors: 0
 
----------------------------------------------------------------------- 
End Date-Time: Thu 10/05/2023 18:50:19.37 
